<?xml version="1.0" encoding="UTF-8"?>
<!-- Generated by org.testng.reporters.JUnitReportReporter -->
<testsuite hostname="Sonny" failures="0" tests="2" name="tests.UpdateUserTest" time="14.251" errors="0" timestamp="2025-04-05T18:25:07 ICT" skipped="0">
  <testcase classname="tests.UpdateUserTest" name="login" time="12.094"/>
  <system-out/>
  <testcase classname="tests.UpdateUserTest" name="updateUser" time="2.157"/>
  <system-out/>
</testsuite> <!-- tests.UpdateUserTest -->
