<?xml version="1.0" encoding="UTF-8"?>
<!-- Generated by org.testng.reporters.JUnitReportReporter -->
<testsuite hostname="Sonny" failures="0" tests="2" name="tests.UpdateTermTest" time="20.722" errors="0" timestamp="2025-04-05T16:26:55 ICT" skipped="0">
  <testcase classname="tests.UpdateTermTest" name="login" time="18.549"/>
  <system-out/>
  <testcase classname="tests.UpdateTermTest" name="updateTermTest" time="2.173"/>
  <system-out/>
</testsuite> <!-- tests.UpdateTermTest -->
