<?xml version="1.0" encoding="UTF-8"?>
<!-- Generated by org.testng.reporters.JUnitReportReporter -->
<testsuite hostname="Sonny" failures="0" tests="8" name="tests.AddUserTest" time="32.257" errors="0" timestamp="2025-04-05T18:02:21 ICT" skipped="0">
  <testcase classname="tests.AddUserTest" name="login" time="12.320"/>
  <system-out/>
  <testcase classname="tests.AddUserTest" name="openUserPage" time="0.670"/>
  <system-out/>
  <testcase classname="tests.AddUserTest" name="createUserValidData" time="1.971"/>
  <system-out/>
  <testcase classname="tests.AddUserTest" name="createUserWithIncorrectFormatId" time="1.930"/>
  <system-out/>
  <testcase classname="tests.AddUserTest" name="createUserWithoutStaffId" time="6.681"/>
  <system-out/>
  <testcase classname="tests.AddUserTest" name="createUserWithoutFullName" time="2.917"/>
  <system-out/>
  <testcase classname="tests.AddUserTest" name="createUserWithoutUserType" time="2.874"/>
  <system-out/>
  <testcase classname="tests.AddUserTest" name="createUserWithoutRole" time="2.894"/>
  <system-out/>
</testsuite> <!-- tests.AddUserTest -->
