<?xml version="1.0" encoding="UTF-8"?>
<!-- Generated by org.testng.reporters.JUnitReportReporter -->
<testsuite hostname="Sonny" failures="0" tests="5" name="tests.AddMajorTest" time="12.995" errors="0" timestamp="2025-04-05T16:42:55 ICT" skipped="0">
  <testcase classname="tests.AddMajorTest" name="testCreateMajorValid" time="2.780"/>
  <system-out/>
  <testcase classname="tests.AddMajorTest" name="testCreateMajorWithoutID" time="2.181"/>
  <system-out/>
  <testcase classname="tests.AddMajorTest" name="testCreateMajorWithoutName" time="2.189"/>
  <system-out/>
  <testcase classname="tests.AddMajorTest" name="testCreateMajorWithoutAbbreviation" time="2.738"/>
  <system-out/>
  <testcase classname="tests.AddMajorTest" name="testCreateMajorWithoutCTDT" time="3.107"/>
  <system-out/>
</testsuite> <!-- tests.AddMajorTest -->
