<?xml version="1.0" encoding="UTF-8"?>
<!-- Generated by org.testng.reporters.JUnitReportReporter -->
<testsuite hostname="Sonny" failures="0" tests="3" name="tests.PhanCongTest" time="33.446" errors="0" timestamp="2025-04-07T15:08:23 ICT" skipped="0">
  <testcase classname="tests.PhanCongTest" name="login" time="12.040"/>
  <system-out/>
  <testcase classname="tests.PhanCongTest" name="openPhanCong" time="1.370"/>
  <system-out/>
  <testcase classname="tests.PhanCongTest" name="filterAndExport" time="20.036"/>
  <system-out/>
</testsuite> <!-- tests.PhanCongTest -->
