<?xml version="1.0" encoding="UTF-8"?>
<!-- Generated by org.testng.reporters.JUnitReportReporter -->
<testsuite hostname="Sonny" failures="0" tests="5" name="tests.AddTermTest" time="6.396" errors="0" timestamp="2025-04-05T15:58:51 ICT" skipped="0">
  <testcase classname="tests.AddTermTest" name="testCreateTermValidData" time="2.085"/>
  <system-out/>
  <testcase classname="tests.AddTermTest" name="testCreateTermWithExistingID" time="1.705"/>
  <system-out/>
  <testcase classname="tests.AddTermTest" name="testCreateTermWithoutID" time="1.053"/>
  <system-out/>
  <testcase classname="tests.AddTermTest" name="testCreateTermWithoutStartDate" time="0.507"/>
  <system-out/>
  <testcase classname="tests.AddTermTest" name="testCreateTermInvalidYearRange" time="1.046"/>
  <system-out/>
</testsuite> <!-- tests.AddTermTest -->
