<?xml version="1.0" encoding="UTF-8"?>
<!-- Generated by org.testng.reporters.JUnitReportReporter -->
<testsuite hostname="Sonny" failures="0" tests="2" name="tests.ImportTKBTest" time="22.174" errors="0" timestamp="2025-04-07T14:23:49 ICT" skipped="0">
  <testcase classname="tests.ImportTKBTest" name="openImportTKB" time="1.420"/>
  <system-out/>
  <testcase classname="tests.ImportTKBTest" name="importTKB" time="20.754"/>
  <system-out/>
</testsuite> <!-- tests.ImportTKBTest -->
