<?xml version="1.0" encoding="UTF-8"?>
<!-- Generated by org.testng.reporters.JUnitReportReporter -->
<testsuite hostname="Sonny" failures="0" tests="1" name="tests.DeleteTermTest" time="4.900" errors="0" timestamp="2025-04-05T16:34:39 ICT" skipped="0">
  <testcase classname="tests.DeleteTermTest" name="deleteTermTest" time="4.900"/>
  <system-out/>
</testsuite> <!-- tests.DeleteTermTest -->
