<?xml version="1.0" encoding="UTF-8"?>
<!-- Generated by org.testng.reporters.JUnitReportReporter -->
<testsuite hostname="Sonny" failures="0" tests="2" name="tests.UpdateMajorTest" time="14.232" errors="0" timestamp="2025-04-05T17:02:58 ICT" skipped="0">
  <testcase classname="tests.UpdateMajorTest" name="testLogin" time="12.624"/>
  <system-out/>
  <testcase classname="tests.UpdateMajorTest" name="testUpdateMajor" time="1.608"/>
  <system-out/>
</testsuite> <!-- tests.UpdateMajorTest -->
