<?xml version="1.0" encoding="UTF-8"?>
<!-- Generated by org.testng.reporters.JUnitReportReporter -->
<testsuite hostname="Sonny" failures="0" tests="2" name="tests.DeleteMajorTest" time="20.284" errors="0" timestamp="2025-04-05T17:16:33 ICT" skipped="0">
  <testcase classname="tests.DeleteMajorTest" name="loginTest" time="11.319"/>
  <system-out/>
  <testcase classname="tests.DeleteMajorTest" name="deleteMajor" time="8.965"/>
  <system-out/>
</testsuite> <!-- tests.DeleteMajorTest -->
