<?xml version="1.0" encoding="UTF-8"?>
<!-- Generated by org.testng.reporters.JUnitReportReporter -->
<testsuite hostname="Sonny" failures="0" tests="2" name="tests.DeleteUserTest" time="2.839" errors="0" timestamp="2025-04-05T18:31:34 ICT" skipped="0">
  <testcase classname="tests.DeleteUserTest" name="openUserPage" time="0.636"/>
  <system-out/>
  <testcase classname="tests.DeleteUserTest" name="searchAndDeleteUser" time="2.203"/>
  <system-out/>
</testsuite> <!-- tests.DeleteUserTest -->
