<?xml version="1.0" encoding="UTF-8"?>
<!-- Generated by org.testng.reporters.JUnitReportReporter -->
<testsuite hostname="Sonny" failures="0" tests="1" name="tests.UpdateTerm" time="5.735" errors="0" timestamp="2025-03-14T15:47:54 ICT" skipped="0">
  <testcase classname="tests.UpdateTerm" name="updateTermTest" time="5.735"/>
  <system-out/>
</testsuite> <!-- tests.UpdateTerm -->
